c:\users\asus\onedrive\документы\proga\lr_5\library\debug\static.pdb
c:\users\asus\onedrive\документы\proga\lr_5\library\debug\static.idb
c:\users\asus\onedrive\документы\proga\lr_5\library\static\debug\stat_2.obj
c:\users\asus\onedrive\документы\proga\lr_5\library\static\debug\stat.obj
c:\users\asus\onedrive\документы\proga\lr_5\library\debug\static.lib
c:\users\asus\onedrive\документы\proga\lr_5\library\static\debug\vc143.idb
c:\users\asus\onedrive\документы\proga\lr_5\library\static\debug\vc143.pdb
c:\users\asus\onedrive\документы\proga\lr_5\library\static\debug\static.tlog\cl.command.1.tlog
c:\users\asus\onedrive\документы\proga\lr_5\library\static\debug\static.tlog\cl.items.tlog
c:\users\asus\onedrive\документы\proga\lr_5\library\static\debug\static.tlog\cl.read.1.tlog
c:\users\asus\onedrive\документы\proga\lr_5\library\static\debug\static.tlog\cl.write.1.tlog
c:\users\asus\onedrive\документы\proga\lr_5\library\static\debug\static.tlog\lib-link.read.1.tlog
c:\users\asus\onedrive\документы\proga\lr_5\library\static\debug\static.tlog\lib-link.write.1.tlog
c:\users\asus\onedrive\документы\proga\lr_5\library\static\debug\static.tlog\lib.command.1.tlog
c:\users\asus\onedrive\документы\proga\lr_5\library\static\debug\static.tlog\link-cvtres.read.1.tlog
c:\users\asus\onedrive\документы\proga\lr_5\library\static\debug\static.tlog\link-cvtres.write.1.tlog
c:\users\asus\onedrive\документы\proga\lr_5\library\static\debug\static.tlog\link-rc.read.1.tlog
c:\users\asus\onedrive\документы\proga\lr_5\library\static\debug\static.tlog\link-rc.write.1.tlog
c:\users\asus\onedrive\документы\proga\lr_5\library\static\debug\static.tlog\link.command.1.tlog
c:\users\asus\onedrive\документы\proga\lr_5\library\static\debug\static.tlog\link.read.1.tlog
c:\users\asus\onedrive\документы\proga\lr_5\library\static\debug\static.tlog\link.write.1.tlog
